[16:14:52] [main/INFO] (FabricLoader/GameProvider) Loading Minecraft 1.19.4 with Fabric Loader 0.14.19
[16:14:53] [main/INFO] (FabricLoader) Loading 37 mods:
	- crystal-mod 1.0.0
	- fabric-api 0.77.0+1.19.4
	- fabric-api-base 0.4.23+9ff28bcef4
	- fabric-api-lookup-api-v1 1.6.24+49abcf7ef4
	- fabric-biome-api-v1 13.0.6+348a9c64f4
	- fabric-block-api-v1 1.0.5+e022e5d1f4
	- fabric-command-api-v2 2.2.4+ae0966baf4
	- fabric-content-registries-v0 3.5.7+ae0966baf4
	- fabric-convention-tags-v1 1.4.0+9a7c5daaf4
	- fabric-crash-report-info-v1 0.2.14+aeb40ebef4
	- fabric-data-generation-api-v1 11.3.6+5da15ca1f4
	- fabric-dimensions-v1 2.1.44+7f87f8faf4
	- fabric-entity-events-v1 1.5.12+e45f7c65f4
	- fabric-events-interaction-v0 0.4.42+a1ccd7bff4
	- fabric-game-rule-api-v1 1.0.32+a1ccd7bff4
	- fabric-gametest-api-v1 1.2.2+ae0966baf4
	- fabric-item-api-v1 2.1.16+09a3510cf4
	- fabric-item-group-api-v1 3.0.3+043f9acff4
	- fabric-lifecycle-events-v1 2.2.14+5da15ca1f4
	- fabric-loot-api-v2 1.1.25+75e98211f4
	- fabric-message-api-v1 5.1.0+1ee8be40f4
	- fabric-mining-level-api-v1 2.1.37+49abcf7ef4
	- fabric-networking-api-v1 1.3.0+a6f3ccfaf4
	- fabric-object-builder-api-v1 7.0.1+63b515f4f4
	- fabric-particles-v1 1.0.22+f1e4495bf4
	- fabric-recipe-api-v1 1.0.7+a1ccd7bff4
	- fabric-registry-sync-v0 2.1.3+a383ab97f4
	- fabric-rendering-data-attachment-v1 0.3.27+afca2f3ef4
	- fabric-rendering-fluids-v1 3.0.20+f1e4495bf4
	- fabric-resource-conditions-api-v1 2.3.0+e6c7d4eef4
	- fabric-resource-loader-v0 0.11.0+938a1d56f4
	- fabric-screen-handler-api-v1 1.3.19+5da15ca1f4
	- fabric-transfer-api-v1 3.0.1+9003cbe9f4
	- fabric-transitive-access-wideners-v1 3.0.2+63b515f4f4
	- fabricloader 0.14.19
	- java 19
	- minecraft 1.19.4
[16:14:53] [main/INFO] (FabricLoader/Mixin) SpongePowered MIXIN Subsystem Version=0.8.5 Source=file:/C:/Users/matej/.gradle/caches/modules-2/files-2.1/net.fabricmc/sponge-mixin/0.12.4+mixin.0.8.5/e13b4069fe3555969811d4474f78576c707bbe1c/sponge-mixin-0.12.4+mixin.0.8.5.jar Service=Knot/Fabric Env=SERVER
[16:14:54] [main/INFO] (FabricLoader/Mixin) Loaded Fabric development mappings for mixin remapper!
[16:14:54] [main/INFO] (FabricLoader/Mixin) Compatibility level set to JAVA_16
[16:14:54] [main/INFO] (FabricLoader/Mixin) Compatibility level set to JAVA_17
[16:15:07] [main/INFO] (crystal-mod) Registering mod items for crystal-mod
[16:15:07] [main/INFO] (crystal-mod) Registering mod blocks for crystal-mod
[16:15:07] [main/INFO] (FabricDataGenHelper) Running data generator for crystal-mod
[16:15:07] [main/INFO] (Minecraft) Starting provider: Crystal mod/crystal-mod
[16:15:07] [main/INFO] (Minecraft) Crystal mod/crystal-mod finished after 714 ms
[16:15:07] [main/INFO] (Minecraft) All providers took: 716 ms
[16:15:07] [main/INFO] (Minecraft) Caching: total files: 4, old count: 0, new count: 5, removed stale: 0, written: 4
